{"/root/code_projects/dev-academy-2023-exercise/src/client/components/App.tsx": {"path":"/root/code_projects/dev-academy-2023-exercise/src/client/components/App.tsx","statementMap":{"0":{"start":{"line":15,"column":16},"end":{"line":43,"column":1}},"1":{"start":{"line":16,"column":15},"end":{"line":27,"column":3}},"2":{"start":{"line":28,"column":2},"end":{"line":42,"column":3}}},"fnMap":{"0":{"name":"(anonymous_0)","decl":{"start":{"line":15,"column":16},"end":{"line":15,"column":17}},"loc":{"start":{"line":15,"column":22},"end":{"line":43,"column":1}},"line":15}},"branchMap":{},"s":{"0":1,"1":1,"2":1},"f":{"0":1},"b":{},"_coverageSchema":"1a1c01bbd47fc00a2c39e90264f33305004495a9","hash":"7d5b3089c6ac209da3af87b8dec34928d82f746c"}
,"/root/code_projects/dev-academy-2023-exercise/src/client/components/Journey_view.tsx": {"path":"/root/code_projects/dev-academy-2023-exercise/src/client/components/Journey_view.tsx","statementMap":{"0":{"start":{"line":23,"column":21},"end":{"line":175,"column":1}},"1":{"start":{"line":24,"column":39},"end":{"line":24,"column":54}},"2":{"start":{"line":25,"column":43},"end":{"line":25,"column":78}},"3":{"start":{"line":26,"column":33},"end":{"line":28,"column":4}},"4":{"start":{"line":29,"column":43},"end":{"line":29,"column":71}},"5":{"start":{"line":30,"column":39},"end":{"line":36,"column":4}},"6":{"start":{"line":37,"column":29},"end":{"line":37,"column":68}},"7":{"start":{"line":39,"column":27},"end":{"line":64,"column":3}},"8":{"start":{"line":40,"column":4},"end":{"line":40,"column":24}},"9":{"start":{"line":41,"column":4},"end":{"line":62,"column":5}},"10":{"start":{"line":42,"column":6},"end":{"line":42,"column":67}},"11":{"start":{"line":42,"column":37},"end":{"line":42,"column":67}},"12":{"start":{"line":45,"column":48},"end":{"line":50,"column":7}},"13":{"start":{"line":51,"column":23},"end":{"line":53,"column":8}},"14":{"start":{"line":54,"column":6},"end":{"line":54,"column":46}},"15":{"start":{"line":55,"column":6},"end":{"line":58,"column":8}},"16":{"start":{"line":60,"column":6},"end":{"line":60,"column":32}},"17":{"start":{"line":61,"column":6},"end":{"line":61,"column":26}},"18":{"start":{"line":63,"column":4},"end":{"line":63,"column":25}},"19":{"start":{"line":67,"column":2},"end":{"line":70,"column":58}},"20":{"start":{"line":68,"column":4},"end":{"line":68,"column":24}},"21":{"start":{"line":69,"column":4},"end":{"line":69,"column":22}},"22":{"start":{"line":73,"column":40},"end":{"line":98,"column":3}},"23":{"start":{"line":81,"column":27},"end":{"line":84,"column":9}},"24":{"start":{"line":93,"column":82},"end":{"line":96,"column":7}},"25":{"start":{"line":101,"column":24},"end":{"line":103,"column":4}},"26":{"start":{"line":105,"column":58},"end":{"line":111,"column":3}},"27":{"start":{"line":106,"column":4},"end":{"line":110,"column":5}},"28":{"start":{"line":107,"column":6},"end":{"line":107,"column":26}},"29":{"start":{"line":109,"column":6},"end":{"line":109,"column":29}},"30":{"start":{"line":113,"column":55},"end":{"line":144,"column":3}},"31":{"start":{"line":130,"column":8},"end":{"line":134,"column":9}},"32":{"start":{"line":131,"column":10},"end":{"line":131,"column":40}},"33":{"start":{"line":133,"column":10},"end":{"line":133,"column":61}},"34":{"start":{"line":142,"column":36},"end":{"line":142,"column":83}},"35":{"start":{"line":146,"column":2},"end":{"line":174,"column":3}},"36":{"start":{"line":165,"column":12},"end":{"line":165,"column":79}},"37":{"start":{"line":166,"column":12},"end":{"line":168,"column":13}},"38":{"start":{"line":167,"column":14},"end":{"line":167,"column":85}}},"fnMap":{"0":{"name":"(anonymous_0)","decl":{"start":{"line":23,"column":21},"end":{"line":23,"column":22}},"loc":{"start":{"line":23,"column":27},"end":{"line":175,"column":1}},"line":23},"1":{"name":"(anonymous_1)","decl":{"start":{"line":39,"column":27},"end":{"line":39,"column":28}},"loc":{"start":{"line":39,"column":39},"end":{"line":64,"column":3}},"line":39},"2":{"name":"(anonymous_2)","decl":{"start":{"line":67,"column":12},"end":{"line":67,"column":13}},"loc":{"start":{"line":67,"column":18},"end":{"line":70,"column":3}},"line":67},"3":{"name":"(anonymous_3)","decl":{"start":{"line":81,"column":8},"end":{"line":81,"column":9}},"loc":{"start":{"line":81,"column":27},"end":{"line":84,"column":9}},"line":81},"4":{"name":"(anonymous_4)","decl":{"start":{"line":93,"column":63},"end":{"line":93,"column":64}},"loc":{"start":{"line":93,"column":82},"end":{"line":96,"column":7}},"line":93},"5":{"name":"(anonymous_5)","decl":{"start":{"line":105,"column":58},"end":{"line":105,"column":59}},"loc":{"start":{"line":105,"column":80},"end":{"line":111,"column":3}},"line":105},"6":{"name":"(anonymous_6)","decl":{"start":{"line":129,"column":14},"end":{"line":129,"column":15}},"loc":{"start":{"line":129,"column":44},"end":{"line":135,"column":7}},"line":129},"7":{"name":"(anonymous_7)","decl":{"start":{"line":142,"column":14},"end":{"line":142,"column":15}},"loc":{"start":{"line":142,"column":36},"end":{"line":142,"column":83}},"line":142},"8":{"name":"(anonymous_8)","decl":{"start":{"line":164,"column":20},"end":{"line":164,"column":21}},"loc":{"start":{"line":164,"column":57},"end":{"line":169,"column":11}},"line":164}},"branchMap":{"0":{"loc":{"start":{"line":42,"column":6},"end":{"line":42,"column":67}},"type":"if","locations":[{"start":{"line":42,"column":6},"end":{"line":42,"column":67}},{"start":{},"end":{}}],"line":42},"1":{"loc":{"start":{"line":42,"column":10},"end":{"line":42,"column":35}},"type":"binary-expr","locations":[{"start":{"line":42,"column":10},"end":{"line":42,"column":18}},{"start":{"line":42,"column":22},"end":{"line":42,"column":35}}],"line":42},"2":{"loc":{"start":{"line":106,"column":4},"end":{"line":110,"column":5}},"type":"if","locations":[{"start":{"line":106,"column":4},"end":{"line":110,"column":5}},{"start":{"line":108,"column":11},"end":{"line":110,"column":5}}],"line":106},"3":{"loc":{"start":{"line":130,"column":8},"end":{"line":134,"column":9}},"type":"if","locations":[{"start":{"line":130,"column":8},"end":{"line":134,"column":9}},{"start":{"line":132,"column":15},"end":{"line":134,"column":9}}],"line":130},"4":{"loc":{"start":{"line":166,"column":12},"end":{"line":168,"column":13}},"type":"if","locations":[{"start":{"line":166,"column":12},"end":{"line":168,"column":13}},{"start":{},"end":{}}],"line":166}},"s":{"0":1,"1":2,"2":2,"3":2,"4":2,"5":2,"6":2,"7":2,"8":1,"9":1,"10":1,"11":0,"12":1,"13":1,"14":0,"15":0,"16":0,"17":0,"18":0,"19":2,"20":1,"21":1,"22":2,"23":0,"24":0,"25":2,"26":2,"27":0,"28":0,"29":0,"30":2,"31":0,"32":0,"33":0,"34":0,"35":2,"36":0,"37":0,"38":0},"f":{"0":2,"1":1,"2":1,"3":0,"4":0,"5":0,"6":0,"7":0,"8":0},"b":{"0":[0,1],"1":[1,1],"2":[0,0],"3":[0,0],"4":[0,0]},"_coverageSchema":"1a1c01bbd47fc00a2c39e90264f33305004495a9","hash":"1b29033a81d6ad21a4dadb3daf1263fdc50a6325"}
,"/root/code_projects/dev-academy-2023-exercise/src/client/components/Station_view.tsx": {"path":"/root/code_projects/dev-academy-2023-exercise/src/client/components/Station_view.tsx","statementMap":{"0":{"start":{"line":21,"column":21},"end":{"line":162,"column":1}},"1":{"start":{"line":22,"column":39},"end":{"line":22,"column":54}},"2":{"start":{"line":23,"column":43},"end":{"line":23,"column":78}},"3":{"start":{"line":24,"column":33},"end":{"line":26,"column":4}},"4":{"start":{"line":27,"column":43},"end":{"line":27,"column":71}},"5":{"start":{"line":28,"column":39},"end":{"line":34,"column":4}},"6":{"start":{"line":35,"column":29},"end":{"line":35,"column":68}},"7":{"start":{"line":37,"column":27},"end":{"line":62,"column":3}},"8":{"start":{"line":38,"column":4},"end":{"line":38,"column":24}},"9":{"start":{"line":39,"column":4},"end":{"line":60,"column":5}},"10":{"start":{"line":40,"column":6},"end":{"line":40,"column":67}},"11":{"start":{"line":40,"column":37},"end":{"line":40,"column":67}},"12":{"start":{"line":43,"column":48},"end":{"line":48,"column":7}},"13":{"start":{"line":49,"column":23},"end":{"line":51,"column":8}},"14":{"start":{"line":52,"column":6},"end":{"line":52,"column":46}},"15":{"start":{"line":53,"column":6},"end":{"line":56,"column":8}},"16":{"start":{"line":58,"column":6},"end":{"line":58,"column":32}},"17":{"start":{"line":59,"column":6},"end":{"line":59,"column":26}},"18":{"start":{"line":61,"column":4},"end":{"line":61,"column":25}},"19":{"start":{"line":65,"column":2},"end":{"line":68,"column":58}},"20":{"start":{"line":66,"column":4},"end":{"line":66,"column":24}},"21":{"start":{"line":67,"column":4},"end":{"line":67,"column":22}},"22":{"start":{"line":71,"column":40},"end":{"line":94,"column":3}},"23":{"start":{"line":97,"column":24},"end":{"line":99,"column":4}},"24":{"start":{"line":101,"column":58},"end":{"line":107,"column":3}},"25":{"start":{"line":102,"column":4},"end":{"line":106,"column":5}},"26":{"start":{"line":103,"column":6},"end":{"line":103,"column":26}},"27":{"start":{"line":105,"column":6},"end":{"line":105,"column":29}},"28":{"start":{"line":110,"column":62},"end":{"line":131,"column":3}},"29":{"start":{"line":133,"column":2},"end":{"line":161,"column":3}},"30":{"start":{"line":152,"column":12},"end":{"line":152,"column":79}},"31":{"start":{"line":153,"column":12},"end":{"line":155,"column":13}},"32":{"start":{"line":154,"column":14},"end":{"line":154,"column":85}}},"fnMap":{"0":{"name":"(anonymous_0)","decl":{"start":{"line":21,"column":21},"end":{"line":21,"column":22}},"loc":{"start":{"line":21,"column":27},"end":{"line":162,"column":1}},"line":21},"1":{"name":"(anonymous_1)","decl":{"start":{"line":37,"column":27},"end":{"line":37,"column":28}},"loc":{"start":{"line":37,"column":39},"end":{"line":62,"column":3}},"line":37},"2":{"name":"(anonymous_2)","decl":{"start":{"line":65,"column":12},"end":{"line":65,"column":13}},"loc":{"start":{"line":65,"column":18},"end":{"line":68,"column":3}},"line":65},"3":{"name":"(anonymous_3)","decl":{"start":{"line":101,"column":58},"end":{"line":101,"column":59}},"loc":{"start":{"line":101,"column":80},"end":{"line":107,"column":3}},"line":101},"4":{"name":"(anonymous_4)","decl":{"start":{"line":151,"column":20},"end":{"line":151,"column":21}},"loc":{"start":{"line":151,"column":57},"end":{"line":156,"column":11}},"line":151}},"branchMap":{"0":{"loc":{"start":{"line":40,"column":6},"end":{"line":40,"column":67}},"type":"if","locations":[{"start":{"line":40,"column":6},"end":{"line":40,"column":67}},{"start":{},"end":{}}],"line":40},"1":{"loc":{"start":{"line":40,"column":10},"end":{"line":40,"column":35}},"type":"binary-expr","locations":[{"start":{"line":40,"column":10},"end":{"line":40,"column":18}},{"start":{"line":40,"column":22},"end":{"line":40,"column":35}}],"line":40},"2":{"loc":{"start":{"line":102,"column":4},"end":{"line":106,"column":5}},"type":"if","locations":[{"start":{"line":102,"column":4},"end":{"line":106,"column":5}},{"start":{"line":104,"column":11},"end":{"line":106,"column":5}}],"line":102},"3":{"loc":{"start":{"line":153,"column":12},"end":{"line":155,"column":13}},"type":"if","locations":[{"start":{"line":153,"column":12},"end":{"line":155,"column":13}},{"start":{},"end":{}}],"line":153}},"s":{"0":1,"1":0,"2":0,"3":0,"4":0,"5":0,"6":0,"7":0,"8":0,"9":0,"10":0,"11":0,"12":0,"13":0,"14":0,"15":0,"16":0,"17":0,"18":0,"19":0,"20":0,"21":0,"22":0,"23":0,"24":0,"25":0,"26":0,"27":0,"28":0,"29":0,"30":0,"31":0,"32":0},"f":{"0":0,"1":0,"2":0,"3":0,"4":0},"b":{"0":[0,0],"1":[0,0],"2":[0,0],"3":[0,0]},"_coverageSchema":"1a1c01bbd47fc00a2c39e90264f33305004495a9","hash":"6c24e2f66c4d7dc97d4a6ed2bc142483e0ad7f17"}
}
