TN:
SF:src/client/components/App.tsx
FN:15,(anonymous_0)
FNF:1
FNH:1
FNDA:1,(anonymous_0)
DA:15,1
DA:16,1
DA:28,1
LF:3
LH:3
BRF:0
BRH:0
end_of_record
TN:
SF:src/client/components/Journey_view.tsx
FN:23,(anonymous_0)
FN:39,(anonymous_1)
FN:67,(anonymous_2)
FN:81,(anonymous_3)
FN:93,(anonymous_4)
FN:105,(anonymous_5)
FN:129,(anonymous_6)
FN:142,(anonymous_7)
FN:164,(anonymous_8)
FNF:9
FNH:3
FNDA:2,(anonymous_0)
FNDA:1,(anonymous_1)
FNDA:1,(anonymous_2)
FNDA:0,(anonymous_3)
FNDA:0,(anonymous_4)
FNDA:0,(anonymous_5)
FNDA:0,(anonymous_6)
FNDA:0,(anonymous_7)
FNDA:0,(anonymous_8)
DA:23,1
DA:24,2
DA:25,2
DA:26,2
DA:29,2
DA:30,2
DA:37,2
DA:39,2
DA:40,1
DA:41,1
DA:42,1
DA:45,1
DA:51,1
DA:54,0
DA:55,0
DA:60,0
DA:61,0
DA:63,0
DA:67,2
DA:68,1
DA:69,1
DA:73,2
DA:81,0
DA:93,0
DA:101,2
DA:105,2
DA:106,0
DA:107,0
DA:109,0
DA:113,2
DA:130,0
DA:131,0
DA:133,0
DA:142,0
DA:146,2
DA:165,0
DA:166,0
DA:167,0
LF:38
LH:21
BRDA:42,0,0,0
BRDA:42,0,1,1
BRDA:42,1,0,1
BRDA:42,1,1,1
BRDA:106,2,0,0
BRDA:106,2,1,0
BRDA:130,3,0,0
BRDA:130,3,1,0
BRDA:166,4,0,0
BRDA:166,4,1,0
BRF:10
BRH:3
end_of_record
TN:
SF:src/client/components/Station_view.tsx
FN:21,(anonymous_0)
FN:37,(anonymous_1)
FN:65,(anonymous_2)
FN:101,(anonymous_3)
FN:151,(anonymous_4)
FNF:5
FNH:0
FNDA:0,(anonymous_0)
FNDA:0,(anonymous_1)
FNDA:0,(anonymous_2)
FNDA:0,(anonymous_3)
FNDA:0,(anonymous_4)
DA:21,1
DA:22,0
DA:23,0
DA:24,0
DA:27,0
DA:28,0
DA:35,0
DA:37,0
DA:38,0
DA:39,0
DA:40,0
DA:43,0
DA:49,0
DA:52,0
DA:53,0
DA:58,0
DA:59,0
DA:61,0
DA:65,0
DA:66,0
DA:67,0
DA:71,0
DA:97,0
DA:101,0
DA:102,0
DA:103,0
DA:105,0
DA:110,0
DA:133,0
DA:152,0
DA:153,0
DA:154,0
LF:32
LH:1
BRDA:40,0,0,0
BRDA:40,0,1,0
BRDA:40,1,0,0
BRDA:40,1,1,0
BRDA:102,2,0,0
BRDA:102,2,1,0
BRDA:153,3,0,0
BRDA:153,3,1,0
BRF:8
BRH:0
end_of_record
